mktextfm Calibri
mktextfm Calibri
mktextfm Calibri
mktextfm Calibri
mktextfm Calibri/B
mktextfm Calibri
mktextfm Calibri/I
mktextfm Calibri
mktextfm Calibri/BI
mktextfm DejaVuSansUltraThin
mktextfm DejaVuSansUltraThin
mktextfm DejaVuSansUltraThin
mktextfm DejaVuSansUltraThin
mktextfm DejaVuSansUltraThin/B
mktextfm DejaVuSansUltraThin
mktextfm DejaVuSansUltraThin/I
mktextfm DejaVuSansUltraThin
mktextfm DejaVuSansUltraThin/BI
mktextfm DejaVuSansUltraLight
mktextfm DejaVuSansUltraLight
mktextfm DejaVuSansUltraLight
mktextfm DejaVuSansUltraLight
mktextfm DejaVuSansUltraLight/B
mktextfm DejaVuSansUltraLight
mktextfm DejaVuSansUltraLight/I
mktextfm DejaVuSansUltraLight
mktextfm DejaVuSansUltraLight/BI
mktextfm CalibriBold/ICU
mktextfm SourceSansPro
mktextfm source-sans-pro
